2026-06-12 23:58:02 | INFO | __main__ | Pipeline command started | command=forensics
2026-06-12 23:58:02 | INFO | src.forensics.trade_forensics | START audit all trades | trades=450
2026-06-12 23:58:02 | INFO | src.forensics.trade_forensics | Forensic audit progress | trade=1/450
2026-06-12 23:58:04 | INFO | src.forensics.trade_forensics | Forensic audit progress | trade=25/450
2026-06-12 23:58:07 | INFO | src.forensics.trade_forensics | Forensic audit progress | trade=50/450
2026-06-12 23:58:10 | INFO | src.forensics.trade_forensics | Forensic audit progress | trade=75/450
2026-06-12 23:58:14 | INFO | src.forensics.trade_forensics | Forensic audit progress | trade=100/450
2026-06-12 23:58:17 | INFO | src.forensics.trade_forensics | Forensic audit progress | trade=125/450
2026-06-12 23:58:20 | INFO | src.forensics.trade_forensics | Forensic audit progress | trade=150/450
2026-06-12 23:58:23 | INFO | src.forensics.trade_forensics | Forensic audit progress | trade=175/450
2026-06-12 23:58:26 | INFO | src.forensics.trade_forensics | Forensic audit progress | trade=200/450
2026-06-12 23:58:29 | INFO | src.forensics.trade_forensics | Forensic audit progress | trade=225/450
2026-06-12 23:58:34 | INFO | src.forensics.trade_forensics | Forensic audit progress | trade=250/450
2026-06-12 23:58:36 | INFO | src.forensics.trade_forensics | Forensic audit progress | trade=275/450
2026-06-12 23:58:40 | INFO | src.forensics.trade_forensics | Forensic audit progress | trade=300/450
2026-06-12 23:58:43 | INFO | src.forensics.trade_forensics | Forensic audit progress | trade=325/450
2026-06-12 23:58:47 | INFO | src.forensics.trade_forensics | Forensic audit progress | trade=350/450
2026-06-12 23:58:51 | INFO | src.forensics.trade_forensics | Forensic audit progress | trade=375/450
2026-06-12 23:58:54 | INFO | src.forensics.trade_forensics | Forensic audit progress | trade=400/450
2026-06-12 23:58:56 | INFO | src.forensics.trade_forensics | Forensic audit progress | trade=425/450
2026-06-12 23:58:58 | INFO | src.forensics.trade_forensics | Forensic audit progress | trade=450/450
2026-06-12 23:58:58 | INFO | src.forensics.trade_forensics | DONE audit all trades | elapsed=56.3s
2026-06-12 23:58:58 | INFO | src.forensics.trade_forensics | START export forensic reports | output=/Users/my/mayu_solutions/usdjpy_research/fx-backtester/reports/runs_2022_2025/20260612_223729_usdjpy_fx_swing_trend_reclaim_v1/forensics
2026-06-12 23:59:00 | INFO | src.forensics.trade_forensics | DONE export forensic reports | elapsed=1.8s
2026-06-12 23:59:00 | INFO | __main__ | Pipeline command completed | command=forensics
{
  "total_trades": 450,
  "audited_trades": 450,
  "worst_trade_id": "3a0b08a7-1993-4c52-ae63-82b19d0e4d95",
  "worst_trade_r": -14.77078203717973,
  "worst_trade_exit_reason": "stop_loss",
  "worst_trade_held_over_weekend": true,
  "worst_trade_stop_crossed_before_exit": false,
  "worst_trade_expected_exit_reason": "stop_loss",
  "worst_trade_actual_exit_reason": "stop_loss",
  "trades_loss_beyond_2_5r_count": 1,
  "trades_loss_beyond_5r_count": 1,
  "stop_cross_mismatch_count": 1,
  "target_cross_mismatch_count": 0,
  "bid_ask_side_mismatch_count": 0,
  "entry_before_signal_count": 0,
  "missing_tick_window_count": 0,
  "weekend_held_trade_count": 12,
  "weekend_held_loss_count": 7,
  "partial_exit_r_mismatch_count": 0,
  "critical_flag_count": 0,
  "warning_flag_count": 219,
  "final_status": "WARNING"
}
Forensic report: /Users/my/mayu_solutions/usdjpy_research/fx-backtester/reports/runs_2022_2025/20260612_223729_usdjpy_fx_swing_trend_reclaim_v1/forensics/forensic_report.html
