2026-06-14 13:15:38 | INFO | __main__ | Pipeline command started | command=broker-guardrails
2026-06-14 13:15:38 | INFO | src.broker_guardrails.guardrail_runner | Broker guardrail variant 1/12 | name=baseline_no_extra_guardrails
2026-06-14 13:15:38 | INFO | src.backtest.backtest_engine | START load candles and calculate indicators
2026-06-14 13:15:38 | INFO | src.backtest.backtest_engine | DONE load candles and calculate indicators | elapsed=0.0s
2026-06-14 13:15:38 | INFO | src.backtest.backtest_engine | START generate strategy signals
2026-06-14 13:15:38 | INFO | src.backtest.backtest_engine | DONE generate strategy signals | elapsed=0.6s
2026-06-14 13:15:38 | INFO | src.backtest.backtest_engine | Signals generated | accepted=650, rejected=15,493
2026-06-14 13:15:38 | INFO | src.backtest.backtest_engine | Execution progress | signal=1/650, trades=0, balance=10000.00
2026-06-14 13:15:41 | INFO | src.backtest.backtest_engine | Execution progress | signal=25/650, trades=14, balance=10252.03
2026-06-14 13:15:46 | INFO | src.backtest.backtest_engine | Execution progress | signal=50/650, trades=33, balance=10702.58
2026-06-14 13:15:50 | INFO | src.backtest.backtest_engine | Execution progress | signal=75/650, trades=50, balance=11130.43
2026-06-14 13:15:57 | INFO | src.backtest.backtest_engine | Execution progress | signal=100/650, trades=70, balance=11332.75
2026-06-14 13:16:04 | INFO | src.backtest.backtest_engine | Execution progress | signal=125/650, trades=87, balance=11366.83
2026-06-14 13:16:10 | INFO | src.backtest.backtest_engine | Execution progress | signal=150/650, trades=109, balance=11347.18
2026-06-14 13:16:20 | INFO | src.backtest.backtest_engine | Execution progress | signal=175/650, trades=128, balance=11559.04
2026-06-14 13:16:25 | INFO | src.backtest.backtest_engine | Execution progress | signal=200/650, trades=147, balance=11597.58
2026-06-14 13:16:30 | INFO | src.backtest.backtest_engine | Execution progress | signal=225/650, trades=164, balance=11964.25
2026-06-14 13:16:35 | INFO | src.backtest.backtest_engine | Execution progress | signal=250/650, trades=184, balance=12220.78
2026-06-14 13:16:41 | INFO | src.backtest.backtest_engine | Execution progress | signal=275/650, trades=201, balance=12521.90
2026-06-14 13:16:46 | INFO | src.backtest.backtest_engine | Execution progress | signal=300/650, trades=218, balance=13129.52
2026-06-14 13:16:53 | INFO | src.backtest.backtest_engine | Execution progress | signal=325/650, trades=233, balance=13225.85
2026-06-14 13:16:59 | INFO | src.backtest.backtest_engine | Execution progress | signal=350/650, trades=249, balance=13398.81
2026-06-14 13:17:03 | INFO | src.backtest.backtest_engine | Execution progress | signal=375/650, trades=267, balance=13526.63
2026-06-14 13:17:11 | INFO | src.backtest.backtest_engine | Execution progress | signal=400/650, trades=281, balance=13774.75
2026-06-14 13:17:16 | INFO | src.backtest.backtest_engine | Execution progress | signal=425/650, trades=294, balance=13868.49
2026-06-14 13:17:21 | INFO | src.backtest.backtest_engine | Execution progress | signal=450/650, trades=315, balance=14150.51
2026-06-14 13:17:29 | INFO | src.backtest.backtest_engine | Execution progress | signal=475/650, trades=334, balance=14378.85
2026-06-14 13:17:36 | INFO | src.backtest.backtest_engine | Execution progress | signal=500/650, trades=352, balance=14819.05
2026-06-14 13:17:44 | INFO | src.backtest.backtest_engine | Execution progress | signal=525/650, trades=365, balance=15098.78
2026-06-14 13:17:49 | INFO | src.backtest.backtest_engine | Execution progress | signal=550/650, trades=385, balance=15096.06
2026-06-14 13:17:53 | INFO | src.backtest.backtest_engine | Execution progress | signal=575/650, trades=402, balance=15616.71
2026-06-14 13:17:56 | INFO | src.backtest.backtest_engine | Execution progress | signal=600/650, trades=420, balance=15860.66
2026-06-14 13:17:58 | INFO | src.backtest.backtest_engine | Execution progress | signal=625/650, trades=434, balance=16142.91
2026-06-14 13:18:01 | INFO | src.backtest.backtest_engine | Execution progress | signal=650/650, trades=450, balance=16509.10
2026-06-14 13:18:01 | INFO | src.backtest.backtest_engine | START write backtest reports | output=/Users/my/mayu_solutions/usdjpy_research/fx-backtester/reports/broker_guardrails/20260614_121538_usdjpy_fx_swing_trend_reclaim_v1/variants/baseline_no_extra_guardrails
2026-06-14 13:18:02 | INFO | src.backtest.backtest_engine | DONE write backtest reports | elapsed=0.7s
2026-06-14 13:18:02 | INFO | src.backtest.backtest_engine | Backtest complete | trades=450, ending_balance=16509.10, reports=/Users/my/mayu_solutions/usdjpy_research/fx-backtester/reports/broker_guardrails/20260614_121538_usdjpy_fx_swing_trend_reclaim_v1/variants/baseline_no_extra_guardrails
2026-06-14 13:18:02 | INFO | src.broker_guardrails.guardrail_runner | Broker guardrail variant 2/12 | name=ig_min_stop_only
2026-06-14 13:18:02 | INFO | src.backtest.backtest_engine | START load candles and calculate indicators
2026-06-14 13:18:02 | INFO | src.backtest.backtest_engine | DONE load candles and calculate indicators | elapsed=0.0s
2026-06-14 13:18:02 | INFO | src.backtest.backtest_engine | START generate strategy signals
2026-06-14 13:18:03 | INFO | src.backtest.backtest_engine | DONE generate strategy signals | elapsed=0.5s
2026-06-14 13:18:03 | INFO | src.backtest.backtest_engine | Signals generated | accepted=650, rejected=15,493
2026-06-14 13:18:03 | INFO | src.backtest.backtest_engine | Execution progress | signal=1/650, trades=0, balance=10000.00
2026-06-14 13:18:06 | INFO | src.backtest.backtest_engine | Execution progress | signal=25/650, trades=14, balance=10252.03
2026-06-14 13:18:11 | INFO | src.backtest.backtest_engine | Execution progress | signal=50/650, trades=32, balance=10736.48
2026-06-14 13:18:15 | INFO | src.backtest.backtest_engine | Execution progress | signal=75/650, trades=49, balance=11165.69
2026-06-14 13:18:22 | INFO | src.backtest.backtest_engine | Execution progress | signal=100/650, trades=69, balance=11368.65
2026-06-14 13:18:29 | INFO | src.backtest.backtest_engine | Execution progress | signal=125/650, trades=86, balance=11402.84
2026-06-14 13:18:35 | INFO | src.backtest.backtest_engine | Execution progress | signal=150/650, trades=107, balance=11392.31
2026-06-14 13:18:45 | INFO | src.backtest.backtest_engine | Execution progress | signal=175/650, trades=126, balance=11605.02
2026-06-14 13:18:50 | INFO | src.backtest.backtest_engine | Execution progress | signal=200/650, trades=145, balance=11643.71
2026-06-14 13:18:55 | INFO | src.backtest.backtest_engine | Execution progress | signal=225/650, trades=160, balance=11962.55
2026-06-14 13:19:01 | INFO | src.backtest.backtest_engine | Execution progress | signal=250/650, trades=177, balance=12250.27
2026-06-14 13:19:07 | INFO | src.backtest.backtest_engine | Execution progress | signal=275/650, trades=193, balance=12588.09
2026-06-14 13:19:12 | INFO | src.backtest.backtest_engine | Execution progress | signal=300/650, trades=209, balance=12902.17
2026-06-14 13:19:18 | INFO | src.backtest.backtest_engine | Execution progress | signal=325/650, trades=222, balance=12931.92
2026-06-14 13:19:25 | INFO | src.backtest.backtest_engine | Execution progress | signal=350/650, trades=238, balance=13101.03
2026-06-14 13:19:29 | INFO | src.backtest.backtest_engine | Execution progress | signal=375/650, trades=255, balance=13265.20
2026-06-14 13:19:35 | INFO | src.backtest.backtest_engine | Execution progress | signal=400/650, trades=268, balance=13407.99
2026-06-14 13:19:40 | INFO | src.backtest.backtest_engine | Execution progress | signal=425/650, trades=281, balance=13499.23
2026-06-14 13:19:46 | INFO | src.backtest.backtest_engine | Execution progress | signal=450/650, trades=301, balance=13810.13
2026-06-14 13:19:53 | INFO | src.backtest.backtest_engine | Execution progress | signal=475/650, trades=319, balance=14072.82
2026-06-14 13:20:01 | INFO | src.backtest.backtest_engine | Execution progress | signal=500/650, trades=335, balance=14441.96
2026-06-14 13:20:08 | INFO | src.backtest.backtest_engine | Execution progress | signal=525/650, trades=347, balance=14759.50
2026-06-14 13:20:13 | INFO | src.backtest.backtest_engine | Execution progress | signal=550/650, trades=365, balance=14868.45
2026-06-14 13:20:17 | INFO | src.backtest.backtest_engine | Execution progress | signal=575/650, trades=380, balance=15390.95
2026-06-14 13:20:20 | INFO | src.backtest.backtest_engine | Execution progress | signal=600/650, trades=396, balance=15872.90
2026-06-14 13:20:23 | INFO | src.backtest.backtest_engine | Execution progress | signal=625/650, trades=410, balance=16155.36
2026-06-14 13:20:26 | INFO | src.backtest.backtest_engine | Execution progress | signal=650/650, trades=426, balance=16521.84
2026-06-14 13:20:26 | INFO | src.backtest.backtest_engine | START write backtest reports | output=/Users/my/mayu_solutions/usdjpy_research/fx-backtester/reports/broker_guardrails/20260614_121538_usdjpy_fx_swing_trend_reclaim_v1/variants/ig_min_stop_only
2026-06-14 13:20:27 | INFO | src.backtest.backtest_engine | DONE write backtest reports | elapsed=0.7s
2026-06-14 13:20:27 | INFO | src.backtest.backtest_engine | Backtest complete | trades=426, ending_balance=16521.84, reports=/Users/my/mayu_solutions/usdjpy_research/fx-backtester/reports/broker_guardrails/20260614_121538_usdjpy_fx_swing_trend_reclaim_v1/variants/ig_min_stop_only
2026-06-14 13:20:27 | INFO | src.broker_guardrails.guardrail_runner | Broker guardrail variant 3/12 | name=min_risk_3pips
2026-06-14 13:20:27 | INFO | src.backtest.backtest_engine | START load candles and calculate indicators
2026-06-14 13:20:27 | INFO | src.backtest.backtest_engine | DONE load candles and calculate indicators | elapsed=0.0s
2026-06-14 13:20:27 | INFO | src.backtest.backtest_engine | START generate strategy signals
2026-06-14 13:20:27 | INFO | src.backtest.backtest_engine | DONE generate strategy signals | elapsed=0.5s
2026-06-14 13:20:27 | INFO | src.backtest.backtest_engine | Signals generated | accepted=650, rejected=15,493
2026-06-14 13:20:27 | INFO | src.backtest.backtest_engine | Execution progress | signal=1/650, trades=0, balance=10000.00
2026-06-14 13:20:30 | INFO | src.backtest.backtest_engine | Execution progress | signal=25/650, trades=14, balance=10252.03
2026-06-14 13:20:35 | INFO | src.backtest.backtest_engine | Execution progress | signal=50/650, trades=32, balance=10736.48
2026-06-14 13:20:39 | INFO | src.backtest.backtest_engine | Execution progress | signal=75/650, trades=49, balance=11165.69
2026-06-14 13:20:46 | INFO | src.backtest.backtest_engine | Execution progress | signal=100/650, trades=69, balance=11368.65
2026-06-14 13:20:53 | INFO | src.backtest.backtest_engine | Execution progress | signal=125/650, trades=86, balance=11402.84
2026-06-14 13:21:00 | INFO | src.backtest.backtest_engine | Execution progress | signal=150/650, trades=106, balance=11307.92
2026-06-14 13:21:09 | INFO | src.backtest.backtest_engine | Execution progress | signal=175/650, trades=125, balance=11519.05
2026-06-14 13:21:14 | INFO | src.backtest.backtest_engine | Execution progress | signal=200/650, trades=144, balance=11557.45
2026-06-14 13:21:21 | INFO | src.backtest.backtest_engine | Execution progress | signal=225/650, trades=159, balance=11873.93
2026-06-14 13:21:27 | INFO | src.backtest.backtest_engine | Execution progress | signal=250/650, trades=176, balance=12159.52
2026-06-14 13:21:33 | INFO | src.backtest.backtest_engine | Execution progress | signal=275/650, trades=192, balance=12494.84
2026-06-14 13:21:38 | INFO | src.backtest.backtest_engine | Execution progress | signal=300/650, trades=208, balance=12806.59
2026-06-14 13:21:45 | INFO | src.backtest.backtest_engine | Execution progress | signal=325/650, trades=221, balance=12836.12
2026-06-14 13:21:52 | INFO | src.backtest.backtest_engine | Execution progress | signal=350/650, trades=237, balance=13003.98
2026-06-14 13:21:57 | INFO | src.backtest.backtest_engine | Execution progress | signal=375/650, trades=253, balance=13204.50
2026-06-14 13:22:03 | INFO | src.backtest.backtest_engine | Execution progress | signal=400/650, trades=266, balance=13346.63
2026-06-14 13:22:09 | INFO | src.backtest.backtest_engine | Execution progress | signal=425/650, trades=279, balance=13437.46
2026-06-14 13:22:15 | INFO | src.backtest.backtest_engine | Execution progress | signal=450/650, trades=298, balance=13784.52
2026-06-14 13:22:23 | INFO | src.backtest.backtest_engine | Execution progress | signal=475/650, trades=316, balance=14046.73
2026-06-14 13:22:31 | INFO | src.backtest.backtest_engine | Execution progress | signal=500/650, trades=332, balance=14415.19
2026-06-14 13:22:39 | INFO | src.backtest.backtest_engine | Execution progress | signal=525/650, trades=344, balance=14732.13
2026-06-14 13:22:45 | INFO | src.backtest.backtest_engine | Execution progress | signal=550/650, trades=361, balance=14844.42
2026-06-14 13:22:50 | INFO | src.backtest.backtest_engine | Execution progress | signal=575/650, trades=376, balance=15366.08
2026-06-14 13:22:53 | INFO | src.backtest.backtest_engine | Execution progress | signal=600/650, trades=392, balance=15847.24
2026-06-14 13:22:57 | INFO | src.backtest.backtest_engine | Execution progress | signal=625/650, trades=406, balance=16129.25
2026-06-14 13:23:00 | INFO | src.backtest.backtest_engine | Execution progress | signal=650/650, trades=422, balance=16495.13
2026-06-14 13:23:00 | INFO | src.backtest.backtest_engine | START write backtest reports | output=/Users/my/mayu_solutions/usdjpy_research/fx-backtester/reports/broker_guardrails/20260614_121538_usdjpy_fx_swing_trend_reclaim_v1/variants/min_risk_3pips
2026-06-14 13:23:01 | INFO | src.backtest.backtest_engine | DONE write backtest reports | elapsed=0.8s
2026-06-14 13:23:01 | INFO | src.backtest.backtest_engine | Backtest complete | trades=422, ending_balance=16495.13, reports=/Users/my/mayu_solutions/usdjpy_research/fx-backtester/reports/broker_guardrails/20260614_121538_usdjpy_fx_swing_trend_reclaim_v1/variants/min_risk_3pips
2026-06-14 13:23:01 | INFO | src.broker_guardrails.guardrail_runner | Broker guardrail variant 4/12 | name=min_risk_5pips
2026-06-14 13:23:01 | INFO | src.backtest.backtest_engine | START load candles and calculate indicators
2026-06-14 13:23:01 | INFO | src.backtest.backtest_engine | DONE load candles and calculate indicators | elapsed=0.0s
2026-06-14 13:23:01 | INFO | src.backtest.backtest_engine | START generate strategy signals
2026-06-14 13:23:02 | INFO | src.backtest.backtest_engine | DONE generate strategy signals | elapsed=0.6s
2026-06-14 13:23:02 | INFO | src.backtest.backtest_engine | Signals generated | accepted=650, rejected=15,493
2026-06-14 13:23:02 | INFO | src.backtest.backtest_engine | Execution progress | signal=1/650, trades=0, balance=10000.00
2026-06-14 13:23:06 | INFO | src.backtest.backtest_engine | Execution progress | signal=25/650, trades=14, balance=10252.03
2026-06-14 13:23:11 | INFO | src.backtest.backtest_engine | Execution progress | signal=50/650, trades=31, balance=10710.41
2026-06-14 13:23:15 | INFO | src.backtest.backtest_engine | Execution progress | signal=75/650, trades=47, balance=11054.88
2026-06-14 13:23:23 | INFO | src.backtest.backtest_engine | Execution progress | signal=100/650, trades=67, balance=11255.83
2026-06-14 13:23:30 | INFO | src.backtest.backtest_engine | Execution progress | signal=125/650, trades=84, balance=11289.68
2026-06-14 13:23:38 | INFO | src.backtest.backtest_engine | Execution progress | signal=150/650, trades=103, balance=11226.81
2026-06-14 13:23:48 | INFO | src.backtest.backtest_engine | Execution progress | signal=175/650, trades=121, balance=11350.48
2026-06-14 13:23:53 | INFO | src.backtest.backtest_engine | Execution progress | signal=200/650, trades=138, balance=11333.31
2026-06-14 13:23:59 | INFO | src.backtest.backtest_engine | Execution progress | signal=225/650, trades=151, balance=11652.86
2026-06-14 13:24:05 | INFO | src.backtest.backtest_engine | Execution progress | signal=250/650, trades=167, balance=11966.23
2026-06-14 13:24:12 | INFO | src.backtest.backtest_engine | Execution progress | signal=275/650, trades=181, balance=12049.46
2026-06-14 13:24:17 | INFO | src.backtest.backtest_engine | Execution progress | signal=300/650, trades=197, balance=12350.09
2026-06-14 13:24:24 | INFO | src.backtest.backtest_engine | Execution progress | signal=325/650, trades=210, balance=12378.58
2026-06-14 13:24:31 | INFO | src.backtest.backtest_engine | Execution progress | signal=350/650, trades=226, balance=12540.45
2026-06-14 13:24:36 | INFO | src.backtest.backtest_engine | Execution progress | signal=375/650, trades=241, balance=12637.50
2026-06-14 13:24:42 | INFO | src.backtest.backtest_engine | Execution progress | signal=400/650, trades=254, balance=12773.53
2026-06-14 13:24:48 | INFO | src.backtest.backtest_engine | Execution progress | signal=425/650, trades=267, balance=12860.46
2026-06-14 13:24:54 | INFO | src.backtest.backtest_engine | Execution progress | signal=450/650, trades=286, balance=13192.62
2026-06-14 13:25:02 | INFO | src.backtest.backtest_engine | Execution progress | signal=475/650, trades=302, balance=13380.13
2026-06-14 13:25:10 | INFO | src.backtest.backtest_engine | Execution progress | signal=500/650, trades=318, balance=13731.10
2026-06-14 13:25:18 | INFO | src.backtest.backtest_engine | Execution progress | signal=525/650, trades=330, balance=14033.01
2026-06-14 13:25:23 | INFO | src.backtest.backtest_engine | Execution progress | signal=550/650, trades=346, balance=14142.10
2026-06-14 13:25:28 | INFO | src.backtest.backtest_engine | Execution progress | signal=575/650, trades=361, balance=14639.07
2026-06-14 13:25:31 | INFO | src.backtest.backtest_engine | Execution progress | signal=600/650, trades=376, balance=15138.23
2026-06-14 13:25:34 | INFO | src.backtest.backtest_engine | Execution progress | signal=625/650, trades=389, balance=15292.35
2026-06-14 13:25:37 | INFO | src.backtest.backtest_engine | Execution progress | signal=650/650, trades=405, balance=15639.25
2026-06-14 13:25:37 | INFO | src.backtest.backtest_engine | START write backtest reports | output=/Users/my/mayu_solutions/usdjpy_research/fx-backtester/reports/broker_guardrails/20260614_121538_usdjpy_fx_swing_trend_reclaim_v1/variants/min_risk_5pips
2026-06-14 13:25:38 | INFO | src.backtest.backtest_engine | DONE write backtest reports | elapsed=0.8s
2026-06-14 13:25:38 | INFO | src.backtest.backtest_engine | Backtest complete | trades=405, ending_balance=15639.25, reports=/Users/my/mayu_solutions/usdjpy_research/fx-backtester/reports/broker_guardrails/20260614_121538_usdjpy_fx_swing_trend_reclaim_v1/variants/min_risk_5pips
2026-06-14 13:25:38 | INFO | src.broker_guardrails.guardrail_runner | Broker guardrail variant 5/12 | name=min_risk_8pips
2026-06-14 13:25:38 | INFO | src.backtest.backtest_engine | START load candles and calculate indicators
2026-06-14 13:25:38 | INFO | src.backtest.backtest_engine | DONE load candles and calculate indicators | elapsed=0.0s
2026-06-14 13:25:38 | INFO | src.backtest.backtest_engine | START generate strategy signals
2026-06-14 13:25:39 | INFO | src.backtest.backtest_engine | DONE generate strategy signals | elapsed=0.6s
2026-06-14 13:25:39 | INFO | src.backtest.backtest_engine | Signals generated | accepted=650, rejected=15,493
2026-06-14 13:25:39 | INFO | src.backtest.backtest_engine | Execution progress | signal=1/650, trades=0, balance=10000.00
2026-06-14 13:25:42 | INFO | src.backtest.backtest_engine | Execution progress | signal=25/650, trades=14, balance=10252.03
2026-06-14 13:25:47 | INFO | src.backtest.backtest_engine | Execution progress | signal=50/650, trades=28, balance=10566.88
2026-06-14 13:25:51 | INFO | src.backtest.backtest_engine | Execution progress | signal=75/650, trades=42, balance=10744.64
2026-06-14 13:25:58 | INFO | src.backtest.backtest_engine | Execution progress | signal=100/650, trades=61, balance=10968.31
2026-06-14 13:26:06 | INFO | src.backtest.backtest_engine | Execution progress | signal=125/650, trades=76, balance=11030.64
2026-06-14 13:26:13 | INFO | src.backtest.backtest_engine | Execution progress | signal=150/650, trades=93, balance=11000.22
2026-06-14 13:26:23 | INFO | src.backtest.backtest_engine | Execution progress | signal=175/650, trades=109, balance=11180.67
2026-06-14 13:26:28 | INFO | src.backtest.backtest_engine | Execution progress | signal=200/650, trades=126, balance=11106.76
2026-06-14 13:26:34 | INFO | src.backtest.backtest_engine | Execution progress | signal=225/650, trades=139, balance=11419.93
2026-06-14 13:26:39 | INFO | src.backtest.backtest_engine | Execution progress | signal=250/650, trades=154, balance=11640.03
2026-06-14 13:26:45 | INFO | src.backtest.backtest_engine | Execution progress | signal=275/650, trades=168, balance=11720.98
2026-06-14 13:26:50 | INFO | src.backtest.backtest_engine | Execution progress | signal=300/650, trades=182, balance=12077.23
2026-06-14 13:26:57 | INFO | src.backtest.backtest_engine | Execution progress | signal=325/650, trades=195, balance=12105.08
2026-06-14 13:27:03 | INFO | src.backtest.backtest_engine | Execution progress | signal=350/650, trades=210, balance=12295.98
2026-06-14 13:27:07 | INFO | src.backtest.backtest_engine | Execution progress | signal=375/650, trades=224, balance=12206.38
2026-06-14 13:27:13 | INFO | src.backtest.backtest_engine | Execution progress | signal=400/650, trades=237, balance=12337.77
2026-06-14 13:27:18 | INFO | src.backtest.backtest_engine | Execution progress | signal=425/650, trades=249, balance=12329.31
2026-06-14 13:27:23 | INFO | src.backtest.backtest_engine | Execution progress | signal=450/650, trades=266, balance=12522.27
2026-06-14 13:27:31 | INFO | src.backtest.backtest_engine | Execution progress | signal=475/650, trades=281, balance=12734.89
2026-06-14 13:27:38 | INFO | src.backtest.backtest_engine | Execution progress | signal=500/650, trades=297, balance=13068.94
2026-06-14 13:27:46 | INFO | src.backtest.backtest_engine | Execution progress | signal=525/650, trades=308, balance=13256.09
2026-06-14 13:27:51 | INFO | src.backtest.backtest_engine | Execution progress | signal=550/650, trades=324, balance=13359.14
2026-06-14 13:27:55 | INFO | src.backtest.backtest_engine | Execution progress | signal=575/650, trades=337, balance=13760.11
2026-06-14 13:27:58 | INFO | src.backtest.backtest_engine | Execution progress | signal=600/650, trades=350, balance=14018.59
2026-06-14 13:28:00 | INFO | src.backtest.backtest_engine | Execution progress | signal=625/650, trades=362, balance=14198.39
2026-06-14 13:28:03 | INFO | src.backtest.backtest_engine | Execution progress | signal=650/650, trades=376, balance=14374.37
2026-06-14 13:28:03 | INFO | src.backtest.backtest_engine | START write backtest reports | output=/Users/my/mayu_solutions/usdjpy_research/fx-backtester/reports/broker_guardrails/20260614_121538_usdjpy_fx_swing_trend_reclaim_v1/variants/min_risk_8pips
2026-06-14 13:28:04 | INFO | src.backtest.backtest_engine | DONE write backtest reports | elapsed=0.7s
2026-06-14 13:28:04 | INFO | src.backtest.backtest_engine | Backtest complete | trades=376, ending_balance=14374.37, reports=/Users/my/mayu_solutions/usdjpy_research/fx-backtester/reports/broker_guardrails/20260614_121538_usdjpy_fx_swing_trend_reclaim_v1/variants/min_risk_8pips
2026-06-14 13:28:04 | INFO | src.broker_guardrails.guardrail_runner | Broker guardrail variant 6/12 | name=min_risk_10pips
2026-06-14 13:28:04 | INFO | src.backtest.backtest_engine | START load candles and calculate indicators
2026-06-14 13:28:04 | INFO | src.backtest.backtest_engine | DONE load candles and calculate indicators | elapsed=0.0s
2026-06-14 13:28:04 | INFO | src.backtest.backtest_engine | START generate strategy signals
2026-06-14 13:28:04 | INFO | src.backtest.backtest_engine | DONE generate strategy signals | elapsed=0.6s
2026-06-14 13:28:04 | INFO | src.backtest.backtest_engine | Signals generated | accepted=650, rejected=15,493
2026-06-14 13:28:04 | INFO | src.backtest.backtest_engine | Execution progress | signal=1/650, trades=0, balance=10000.00
2026-06-14 13:28:07 | INFO | src.backtest.backtest_engine | Execution progress | signal=25/650, trades=10, balance=10280.79
2026-06-14 13:28:12 | INFO | src.backtest.backtest_engine | Execution progress | signal=50/650, trades=25, balance=10576.59
2026-06-14 13:28:15 | INFO | src.backtest.backtest_engine | Execution progress | signal=75/650, trades=37, balance=10609.85
2026-06-14 13:28:22 | INFO | src.backtest.backtest_engine | Execution progress | signal=100/650, trades=56, balance=10830.71
2026-06-14 13:28:29 | INFO | src.backtest.backtest_engine | Execution progress | signal=125/650, trades=69, balance=10841.05
2026-06-14 13:28:39 | INFO | src.backtest.backtest_engine | Execution progress | signal=150/650, trades=86, balance=10811.15
2026-06-14 13:28:48 | INFO | src.backtest.backtest_engine | Execution progress | signal=175/650, trades=102, balance=10988.50
2026-06-14 13:28:53 | INFO | src.backtest.backtest_engine | Execution progress | signal=200/650, trades=119, balance=10915.86
2026-06-14 13:28:58 | INFO | src.backtest.backtest_engine | Execution progress | signal=225/650, trades=132, balance=11220.91
2026-06-14 13:29:03 | INFO | src.backtest.backtest_engine | Execution progress | signal=250/650, trades=145, balance=11352.04
2026-06-14 13:29:09 | INFO | src.backtest.backtest_engine | Execution progress | signal=275/650, trades=158, balance=11460.29
2026-06-14 13:29:14 | INFO | src.backtest.backtest_engine | Execution progress | signal=300/650, trades=170, balance=11722.87
2026-06-14 13:29:20 | INFO | src.backtest.backtest_engine | Execution progress | signal=325/650, trades=183, balance=11749.91
2026-06-14 13:29:27 | INFO | src.backtest.backtest_engine | Execution progress | signal=350/650, trades=197, balance=11841.93
2026-06-14 13:29:31 | INFO | src.backtest.backtest_engine | Execution progress | signal=375/650, trades=211, balance=11755.64
2026-06-14 13:29:37 | INFO | src.backtest.backtest_engine | Execution progress | signal=400/650, trades=224, balance=11882.17
2026-06-14 13:29:42 | INFO | src.backtest.backtest_engine | Execution progress | signal=425/650, trades=236, balance=11874.03
2026-06-14 13:29:47 | INFO | src.backtest.backtest_engine | Execution progress | signal=450/650, trades=253, balance=12059.86
2026-06-14 13:29:55 | INFO | src.backtest.backtest_engine | Execution progress | signal=475/650, trades=267, balance=12234.12
2026-06-14 13:30:02 | INFO | src.backtest.backtest_engine | Execution progress | signal=500/650, trades=283, balance=12555.03
2026-06-14 13:30:10 | INFO | src.backtest.backtest_engine | Execution progress | signal=525/650, trades=294, balance=12734.82
2026-06-14 13:30:15 | INFO | src.backtest.backtest_engine | Execution progress | signal=550/650, trades=309, balance=12867.12
2026-06-14 13:30:19 | INFO | src.backtest.backtest_engine | Execution progress | signal=575/650, trades=321, balance=13154.29
2026-06-14 13:30:21 | INFO | src.backtest.backtest_engine | Execution progress | signal=600/650, trades=333, balance=13301.18
2026-06-14 13:30:24 | INFO | src.backtest.backtest_engine | Execution progress | signal=625/650, trades=344, balance=13473.20
2026-06-14 13:30:27 | INFO | src.backtest.backtest_engine | Execution progress | signal=650/650, trades=357, balance=13538.58
2026-06-14 13:30:27 | INFO | src.backtest.backtest_engine | START write backtest reports | output=/Users/my/mayu_solutions/usdjpy_research/fx-backtester/reports/broker_guardrails/20260614_121538_usdjpy_fx_swing_trend_reclaim_v1/variants/min_risk_10pips
2026-06-14 13:30:27 | INFO | src.backtest.backtest_engine | DONE write backtest reports | elapsed=0.7s
2026-06-14 13:30:27 | INFO | src.backtest.backtest_engine | Backtest complete | trades=357, ending_balance=13538.58, reports=/Users/my/mayu_solutions/usdjpy_research/fx-backtester/reports/broker_guardrails/20260614_121538_usdjpy_fx_swing_trend_reclaim_v1/variants/min_risk_10pips
2026-06-14 13:30:28 | INFO | src.broker_guardrails.guardrail_runner | Broker guardrail variant 7/12 | name=min_risk_5pips_spread_ratio_20pct
2026-06-14 13:30:28 | INFO | src.backtest.backtest_engine | START load candles and calculate indicators
2026-06-14 13:30:28 | INFO | src.backtest.backtest_engine | DONE load candles and calculate indicators | elapsed=0.0s
2026-06-14 13:30:28 | INFO | src.backtest.backtest_engine | START generate strategy signals
2026-06-14 13:30:28 | INFO | src.backtest.backtest_engine | DONE generate strategy signals | elapsed=0.5s
2026-06-14 13:30:28 | INFO | src.backtest.backtest_engine | Signals generated | accepted=650, rejected=15,493
2026-06-14 13:30:28 | INFO | src.backtest.backtest_engine | Execution progress | signal=1/650, trades=0, balance=10000.00
2026-06-14 13:30:31 | INFO | src.backtest.backtest_engine | Execution progress | signal=25/650, trades=14, balance=10252.03
2026-06-14 13:30:36 | INFO | src.backtest.backtest_engine | Execution progress | signal=50/650, trades=31, balance=10710.41
2026-06-14 13:30:40 | INFO | src.backtest.backtest_engine | Execution progress | signal=75/650, trades=47, balance=11054.88
2026-06-14 13:30:47 | INFO | src.backtest.backtest_engine | Execution progress | signal=100/650, trades=67, balance=11255.83
2026-06-14 13:30:54 | INFO | src.backtest.backtest_engine | Execution progress | signal=125/650, trades=84, balance=11289.68
2026-06-14 13:31:01 | INFO | src.backtest.backtest_engine | Execution progress | signal=150/650, trades=103, balance=11226.81
2026-06-14 13:31:10 | INFO | src.backtest.backtest_engine | Execution progress | signal=175/650, trades=121, balance=11350.48
2026-06-14 13:31:15 | INFO | src.backtest.backtest_engine | Execution progress | signal=200/650, trades=138, balance=11333.31
2026-06-14 13:31:20 | INFO | src.backtest.backtest_engine | Execution progress | signal=225/650, trades=151, balance=11652.86
2026-06-14 13:31:26 | INFO | src.backtest.backtest_engine | Execution progress | signal=250/650, trades=167, balance=11966.23
2026-06-14 13:31:32 | INFO | src.backtest.backtest_engine | Execution progress | signal=275/650, trades=181, balance=12049.46
2026-06-14 13:31:37 | INFO | src.backtest.backtest_engine | Execution progress | signal=300/650, trades=197, balance=12350.09
2026-06-14 13:31:43 | INFO | src.backtest.backtest_engine | Execution progress | signal=325/650, trades=210, balance=12378.58
2026-06-14 13:31:50 | INFO | src.backtest.backtest_engine | Execution progress | signal=350/650, trades=226, balance=12540.45
2026-06-14 13:31:54 | INFO | src.backtest.backtest_engine | Execution progress | signal=375/650, trades=241, balance=12637.50
2026-06-14 13:32:00 | INFO | src.backtest.backtest_engine | Execution progress | signal=400/650, trades=254, balance=12773.53
2026-06-14 13:32:05 | INFO | src.backtest.backtest_engine | Execution progress | signal=425/650, trades=267, balance=12860.46
2026-06-14 13:32:11 | INFO | src.backtest.backtest_engine | Execution progress | signal=450/650, trades=286, balance=13192.62
2026-06-14 13:32:18 | INFO | src.backtest.backtest_engine | Execution progress | signal=475/650, trades=302, balance=13380.13
2026-06-14 13:32:25 | INFO | src.backtest.backtest_engine | Execution progress | signal=500/650, trades=318, balance=13731.10
2026-06-14 13:32:33 | INFO | src.backtest.backtest_engine | Execution progress | signal=525/650, trades=330, balance=14033.01
2026-06-14 13:32:38 | INFO | src.backtest.backtest_engine | Execution progress | signal=550/650, trades=346, balance=14142.10
2026-06-14 13:32:42 | INFO | src.backtest.backtest_engine | Execution progress | signal=575/650, trades=361, balance=14639.07
2026-06-14 13:32:45 | INFO | src.backtest.backtest_engine | Execution progress | signal=600/650, trades=376, balance=15138.23
2026-06-14 13:32:48 | INFO | src.backtest.backtest_engine | Execution progress | signal=625/650, trades=389, balance=15292.35
2026-06-14 13:32:51 | INFO | src.backtest.backtest_engine | Execution progress | signal=650/650, trades=405, balance=15639.25
2026-06-14 13:32:51 | INFO | src.backtest.backtest_engine | START write backtest reports | output=/Users/my/mayu_solutions/usdjpy_research/fx-backtester/reports/broker_guardrails/20260614_121538_usdjpy_fx_swing_trend_reclaim_v1/variants/min_risk_5pips_spread_ratio_20pct
2026-06-14 13:32:51 | INFO | src.backtest.backtest_engine | DONE write backtest reports | elapsed=0.7s
2026-06-14 13:32:51 | INFO | src.backtest.backtest_engine | Backtest complete | trades=405, ending_balance=15639.25, reports=/Users/my/mayu_solutions/usdjpy_research/fx-backtester/reports/broker_guardrails/20260614_121538_usdjpy_fx_swing_trend_reclaim_v1/variants/min_risk_5pips_spread_ratio_20pct
2026-06-14 13:32:52 | INFO | src.broker_guardrails.guardrail_runner | Broker guardrail variant 8/12 | name=min_risk_5pips_spread_ratio_15pct
2026-06-14 13:32:52 | INFO | src.backtest.backtest_engine | START load candles and calculate indicators
2026-06-14 13:32:52 | INFO | src.backtest.backtest_engine | DONE load candles and calculate indicators | elapsed=0.0s
2026-06-14 13:32:52 | INFO | src.backtest.backtest_engine | START generate strategy signals
2026-06-14 13:32:52 | INFO | src.backtest.backtest_engine | DONE generate strategy signals | elapsed=0.5s
2026-06-14 13:32:52 | INFO | src.backtest.backtest_engine | Signals generated | accepted=650, rejected=15,493
2026-06-14 13:32:52 | INFO | src.backtest.backtest_engine | Execution progress | signal=1/650, trades=0, balance=10000.00
2026-06-14 13:32:55 | INFO | src.backtest.backtest_engine | Execution progress | signal=25/650, trades=14, balance=10252.03
2026-06-14 13:33:00 | INFO | src.backtest.backtest_engine | Execution progress | signal=50/650, trades=31, balance=10710.41
2026-06-14 13:33:04 | INFO | src.backtest.backtest_engine | Execution progress | signal=75/650, trades=47, balance=11054.88
2026-06-14 13:33:11 | INFO | src.backtest.backtest_engine | Execution progress | signal=100/650, trades=67, balance=11255.83
2026-06-14 13:33:18 | INFO | src.backtest.backtest_engine | Execution progress | signal=125/650, trades=84, balance=11289.68
2026-06-14 13:33:25 | INFO | src.backtest.backtest_engine | Execution progress | signal=150/650, trades=103, balance=11226.81
2026-06-14 13:33:34 | INFO | src.backtest.backtest_engine | Execution progress | signal=175/650, trades=121, balance=11350.48
2026-06-14 13:33:39 | INFO | src.backtest.backtest_engine | Execution progress | signal=200/650, trades=138, balance=11333.31
2026-06-14 13:33:44 | INFO | src.backtest.backtest_engine | Execution progress | signal=225/650, trades=151, balance=11652.86
2026-06-14 13:33:50 | INFO | src.backtest.backtest_engine | Execution progress | signal=250/650, trades=167, balance=11966.23
2026-06-14 13:33:56 | INFO | src.backtest.backtest_engine | Execution progress | signal=275/650, trades=181, balance=12049.46
2026-06-14 13:34:01 | INFO | src.backtest.backtest_engine | Execution progress | signal=300/650, trades=197, balance=12350.09
2026-06-14 13:34:07 | INFO | src.backtest.backtest_engine | Execution progress | signal=325/650, trades=210, balance=12378.58
2026-06-14 13:34:14 | INFO | src.backtest.backtest_engine | Execution progress | signal=350/650, trades=226, balance=12540.45
2026-06-14 13:34:18 | INFO | src.backtest.backtest_engine | Execution progress | signal=375/650, trades=241, balance=12637.50
2026-06-14 13:34:23 | INFO | src.backtest.backtest_engine | Execution progress | signal=400/650, trades=254, balance=12773.53
2026-06-14 13:34:29 | INFO | src.backtest.backtest_engine | Execution progress | signal=425/650, trades=266, balance=12764.78
2026-06-14 13:34:34 | INFO | src.backtest.backtest_engine | Execution progress | signal=450/650, trades=285, balance=13094.47
2026-06-14 13:34:42 | INFO | src.backtest.backtest_engine | Execution progress | signal=475/650, trades=301, balance=13280.58
2026-06-14 13:34:49 | INFO | src.backtest.backtest_engine | Execution progress | signal=500/650, trades=317, balance=13628.95
2026-06-14 13:34:56 | INFO | src.backtest.backtest_engine | Execution progress | signal=525/650, trades=329, balance=13928.61
2026-06-14 13:35:01 | INFO | src.backtest.backtest_engine | Execution progress | signal=550/650, trades=345, balance=14036.89
2026-06-14 13:35:05 | INFO | src.backtest.backtest_engine | Execution progress | signal=575/650, trades=360, balance=14530.16
2026-06-14 13:35:08 | INFO | src.backtest.backtest_engine | Execution progress | signal=600/650, trades=375, balance=15025.60
2026-06-14 13:35:11 | INFO | src.backtest.backtest_engine | Execution progress | signal=625/650, trades=388, balance=15178.58
2026-06-14 13:35:14 | INFO | src.backtest.backtest_engine | Execution progress | signal=650/650, trades=403, balance=15484.64
2026-06-14 13:35:14 | INFO | src.backtest.backtest_engine | START write backtest reports | output=/Users/my/mayu_solutions/usdjpy_research/fx-backtester/reports/broker_guardrails/20260614_121538_usdjpy_fx_swing_trend_reclaim_v1/variants/min_risk_5pips_spread_ratio_15pct
2026-06-14 13:35:14 | INFO | src.backtest.backtest_engine | DONE write backtest reports | elapsed=0.7s
2026-06-14 13:35:14 | INFO | src.backtest.backtest_engine | Backtest complete | trades=403, ending_balance=15484.64, reports=/Users/my/mayu_solutions/usdjpy_research/fx-backtester/reports/broker_guardrails/20260614_121538_usdjpy_fx_swing_trend_reclaim_v1/variants/min_risk_5pips_spread_ratio_15pct
2026-06-14 13:35:15 | INFO | src.broker_guardrails.guardrail_runner | Broker guardrail variant 9/12 | name=min_risk_8pips_spread_ratio_15pct
2026-06-14 13:35:15 | INFO | src.backtest.backtest_engine | START load candles and calculate indicators
2026-06-14 13:35:15 | INFO | src.backtest.backtest_engine | DONE load candles and calculate indicators | elapsed=0.0s
2026-06-14 13:35:15 | INFO | src.backtest.backtest_engine | START generate strategy signals
2026-06-14 13:35:15 | INFO | src.backtest.backtest_engine | DONE generate strategy signals | elapsed=0.5s
2026-06-14 13:35:15 | INFO | src.backtest.backtest_engine | Signals generated | accepted=650, rejected=15,493
2026-06-14 13:35:15 | INFO | src.backtest.backtest_engine | Execution progress | signal=1/650, trades=0, balance=10000.00
2026-06-14 13:35:18 | INFO | src.backtest.backtest_engine | Execution progress | signal=25/650, trades=14, balance=10252.03
2026-06-14 13:35:23 | INFO | src.backtest.backtest_engine | Execution progress | signal=50/650, trades=28, balance=10566.88
2026-06-14 13:35:26 | INFO | src.backtest.backtest_engine | Execution progress | signal=75/650, trades=42, balance=10744.64
2026-06-14 13:35:33 | INFO | src.backtest.backtest_engine | Execution progress | signal=100/650, trades=61, balance=10968.31
2026-06-14 13:35:40 | INFO | src.backtest.backtest_engine | Execution progress | signal=125/650, trades=76, balance=11030.64
2026-06-14 13:35:47 | INFO | src.backtest.backtest_engine | Execution progress | signal=150/650, trades=93, balance=11000.22
2026-06-14 13:35:56 | INFO | src.backtest.backtest_engine | Execution progress | signal=175/650, trades=109, balance=11180.67
2026-06-14 13:36:01 | INFO | src.backtest.backtest_engine | Execution progress | signal=200/650, trades=126, balance=11106.76
2026-06-14 13:36:06 | INFO | src.backtest.backtest_engine | Execution progress | signal=225/650, trades=139, balance=11419.93
2026-06-14 13:36:12 | INFO | src.backtest.backtest_engine | Execution progress | signal=250/650, trades=154, balance=11640.03
2026-06-14 13:36:18 | INFO | src.backtest.backtest_engine | Execution progress | signal=275/650, trades=168, balance=11720.98
2026-06-14 13:36:23 | INFO | src.backtest.backtest_engine | Execution progress | signal=300/650, trades=182, balance=12077.23
2026-06-14 13:36:29 | INFO | src.backtest.backtest_engine | Execution progress | signal=325/650, trades=195, balance=12105.08
2026-06-14 13:36:36 | INFO | src.backtest.backtest_engine | Execution progress | signal=350/650, trades=210, balance=12295.98
2026-06-14 13:36:40 | INFO | src.backtest.backtest_engine | Execution progress | signal=375/650, trades=224, balance=12206.38
2026-06-14 13:36:45 | INFO | src.backtest.backtest_engine | Execution progress | signal=400/650, trades=237, balance=12337.77
2026-06-14 13:36:51 | INFO | src.backtest.backtest_engine | Execution progress | signal=425/650, trades=249, balance=12329.31
2026-06-14 13:36:56 | INFO | src.backtest.backtest_engine | Execution progress | signal=450/650, trades=266, balance=12522.27
2026-06-14 13:37:04 | INFO | src.backtest.backtest_engine | Execution progress | signal=475/650, trades=281, balance=12734.89
2026-06-14 13:37:11 | INFO | src.backtest.backtest_engine | Execution progress | signal=500/650, trades=297, balance=13068.94
2026-06-14 13:37:18 | INFO | src.backtest.backtest_engine | Execution progress | signal=525/650, trades=308, balance=13256.09
2026-06-14 13:37:23 | INFO | src.backtest.backtest_engine | Execution progress | signal=550/650, trades=324, balance=13359.14
2026-06-14 13:37:27 | INFO | src.backtest.backtest_engine | Execution progress | signal=575/650, trades=337, balance=13760.11
2026-06-14 13:37:30 | INFO | src.backtest.backtest_engine | Execution progress | signal=600/650, trades=350, balance=14018.59
2026-06-14 13:37:33 | INFO | src.backtest.backtest_engine | Execution progress | signal=625/650, trades=362, balance=14198.39
2026-06-14 13:37:35 | INFO | src.backtest.backtest_engine | Execution progress | signal=650/650, trades=376, balance=14374.37
2026-06-14 13:37:35 | INFO | src.backtest.backtest_engine | START write backtest reports | output=/Users/my/mayu_solutions/usdjpy_research/fx-backtester/reports/broker_guardrails/20260614_121538_usdjpy_fx_swing_trend_reclaim_v1/variants/min_risk_8pips_spread_ratio_15pct
2026-06-14 13:37:36 | INFO | src.backtest.backtest_engine | DONE write backtest reports | elapsed=0.7s
2026-06-14 13:37:36 | INFO | src.backtest.backtest_engine | Backtest complete | trades=376, ending_balance=14374.37, reports=/Users/my/mayu_solutions/usdjpy_research/fx-backtester/reports/broker_guardrails/20260614_121538_usdjpy_fx_swing_trend_reclaim_v1/variants/min_risk_8pips_spread_ratio_15pct
2026-06-14 13:37:36 | INFO | src.broker_guardrails.guardrail_runner | Broker guardrail variant 10/12 | name=min_risk_10pips_spread_ratio_10pct
2026-06-14 13:37:36 | INFO | src.backtest.backtest_engine | START load candles and calculate indicators
2026-06-14 13:37:36 | INFO | src.backtest.backtest_engine | DONE load candles and calculate indicators | elapsed=0.0s
2026-06-14 13:37:36 | INFO | src.backtest.backtest_engine | START generate strategy signals
2026-06-14 13:37:37 | INFO | src.backtest.backtest_engine | DONE generate strategy signals | elapsed=0.5s
2026-06-14 13:37:37 | INFO | src.backtest.backtest_engine | Signals generated | accepted=649, rejected=15,494
2026-06-14 13:37:37 | INFO | src.backtest.backtest_engine | Execution progress | signal=1/649, trades=0, balance=10000.00
2026-06-14 13:37:40 | INFO | src.backtest.backtest_engine | Execution progress | signal=25/649, trades=10, balance=10280.79
2026-06-14 13:37:44 | INFO | src.backtest.backtest_engine | Execution progress | signal=50/649, trades=25, balance=10576.59
2026-06-14 13:37:47 | INFO | src.backtest.backtest_engine | Execution progress | signal=75/649, trades=37, balance=10609.85
2026-06-14 13:37:55 | INFO | src.backtest.backtest_engine | Execution progress | signal=100/649, trades=56, balance=10830.71
2026-06-14 13:38:01 | INFO | src.backtest.backtest_engine | Execution progress | signal=125/649, trades=69, balance=10787.05
2026-06-14 13:38:09 | INFO | src.backtest.backtest_engine | Execution progress | signal=150/649, trades=86, balance=10757.30
2026-06-14 13:38:19 | INFO | src.backtest.backtest_engine | Execution progress | signal=175/649, trades=102, balance=10933.77
2026-06-14 13:38:24 | INFO | src.backtest.backtest_engine | Execution progress | signal=200/649, trades=119, balance=10861.49
2026-06-14 13:38:29 | INFO | src.backtest.backtest_engine | Execution progress | signal=225/649, trades=132, balance=11165.02
2026-06-14 13:38:35 | INFO | src.backtest.backtest_engine | Execution progress | signal=250/649, trades=145, balance=11295.49
2026-06-14 13:38:42 | INFO | src.backtest.backtest_engine | Execution progress | signal=275/649, trades=158, balance=11403.21
2026-06-14 13:38:47 | INFO | src.backtest.backtest_engine | Execution progress | signal=300/649, trades=170, balance=11664.48
2026-06-14 13:38:54 | INFO | src.backtest.backtest_engine | Execution progress | signal=325/649, trades=183, balance=11691.38
2026-06-14 13:39:00 | INFO | src.backtest.backtest_engine | Execution progress | signal=350/649, trades=197, balance=11782.95
2026-06-14 13:39:05 | INFO | src.backtest.backtest_engine | Execution progress | signal=375/649, trades=211, balance=11697.08
2026-06-14 13:39:11 | INFO | src.backtest.backtest_engine | Execution progress | signal=400/649, trades=224, balance=11822.99
2026-06-14 13:39:17 | INFO | src.backtest.backtest_engine | Execution progress | signal=425/649, trades=236, balance=11814.89
2026-06-14 13:39:23 | INFO | src.backtest.backtest_engine | Execution progress | signal=450/649, trades=253, balance=11999.79
2026-06-14 13:39:31 | INFO | src.backtest.backtest_engine | Execution progress | signal=475/649, trades=267, balance=12173.18
2026-06-14 13:39:39 | INFO | src.backtest.backtest_engine | Execution progress | signal=500/649, trades=283, balance=12492.49
2026-06-14 13:39:48 | INFO | src.backtest.backtest_engine | Execution progress | signal=525/649, trades=294, balance=12671.39
2026-06-14 13:39:53 | INFO | src.backtest.backtest_engine | Execution progress | signal=550/649, trades=309, balance=12803.03
2026-06-14 13:39:57 | INFO | src.backtest.backtest_engine | Execution progress | signal=575/649, trades=321, balance=13088.76
2026-06-14 13:40:00 | INFO | src.backtest.backtest_engine | Execution progress | signal=600/649, trades=332, balance=13269.07
2026-06-14 13:40:03 | INFO | src.backtest.backtest_engine | Execution progress | signal=625/649, trades=343, balance=13440.68
2026-06-14 13:40:06 | INFO | src.backtest.backtest_engine | Execution progress | signal=649/649, trades=356, balance=13505.90
2026-06-14 13:40:06 | INFO | src.backtest.backtest_engine | START write backtest reports | output=/Users/my/mayu_solutions/usdjpy_research/fx-backtester/reports/broker_guardrails/20260614_121538_usdjpy_fx_swing_trend_reclaim_v1/variants/min_risk_10pips_spread_ratio_10pct
2026-06-14 13:40:07 | INFO | src.backtest.backtest_engine | DONE write backtest reports | elapsed=0.7s
2026-06-14 13:40:07 | INFO | src.backtest.backtest_engine | Backtest complete | trades=356, ending_balance=13505.90, reports=/Users/my/mayu_solutions/usdjpy_research/fx-backtester/reports/broker_guardrails/20260614_121538_usdjpy_fx_swing_trend_reclaim_v1/variants/min_risk_10pips_spread_ratio_10pct
2026-06-14 13:40:07 | INFO | src.broker_guardrails.guardrail_runner | Broker guardrail variant 11/12 | name=funding_guard_only
2026-06-14 13:40:07 | INFO | src.backtest.backtest_engine | START load candles and calculate indicators
2026-06-14 13:40:07 | INFO | src.backtest.backtest_engine | DONE load candles and calculate indicators | elapsed=0.0s
2026-06-14 13:40:07 | INFO | src.backtest.backtest_engine | START generate strategy signals
2026-06-14 13:40:08 | INFO | src.backtest.backtest_engine | DONE generate strategy signals | elapsed=0.5s
2026-06-14 13:40:08 | INFO | src.backtest.backtest_engine | Signals generated | accepted=650, rejected=15,493
2026-06-14 13:40:08 | INFO | src.backtest.backtest_engine | Execution progress | signal=1/650, trades=0, balance=10000.00
2026-06-14 13:40:11 | INFO | src.backtest.backtest_engine | Execution progress | signal=25/650, trades=14, balance=10252.03
2026-06-14 13:40:16 | INFO | src.backtest.backtest_engine | Execution progress | signal=50/650, trades=32, balance=10736.48
2026-06-14 13:40:22 | INFO | src.backtest.backtest_engine | Execution progress | signal=75/650, trades=49, balance=11165.69
2026-06-14 13:40:30 | INFO | src.backtest.backtest_engine | Execution progress | signal=100/650, trades=69, balance=11368.65
2026-06-14 13:40:36 | INFO | src.backtest.backtest_engine | Execution progress | signal=125/650, trades=86, balance=11402.84
2026-06-14 13:40:43 | INFO | src.backtest.backtest_engine | Execution progress | signal=150/650, trades=107, balance=11392.31
2026-06-14 13:40:53 | INFO | src.backtest.backtest_engine | Execution progress | signal=175/650, trades=126, balance=11605.02
2026-06-14 13:40:58 | INFO | src.backtest.backtest_engine | Execution progress | signal=200/650, trades=145, balance=11643.71
2026-06-14 13:41:03 | INFO | src.backtest.backtest_engine | Execution progress | signal=225/650, trades=160, balance=11962.55
2026-06-14 13:41:08 | INFO | src.backtest.backtest_engine | Execution progress | signal=250/650, trades=177, balance=12250.27
2026-06-14 13:41:14 | INFO | src.backtest.backtest_engine | Execution progress | signal=275/650, trades=193, balance=12588.09
2026-06-14 13:41:19 | INFO | src.backtest.backtest_engine | Execution progress | signal=300/650, trades=209, balance=12902.17
2026-06-14 13:41:26 | INFO | src.backtest.backtest_engine | Execution progress | signal=325/650, trades=222, balance=12931.92
2026-06-14 13:41:33 | INFO | src.backtest.backtest_engine | Execution progress | signal=350/650, trades=238, balance=13101.03
2026-06-14 13:41:37 | INFO | src.backtest.backtest_engine | Execution progress | signal=375/650, trades=255, balance=13265.20
2026-06-14 13:41:42 | INFO | src.backtest.backtest_engine | Execution progress | signal=400/650, trades=268, balance=13407.99
2026-06-14 13:41:48 | INFO | src.backtest.backtest_engine | Execution progress | signal=425/650, trades=281, balance=13499.23
2026-06-14 13:41:53 | INFO | src.backtest.backtest_engine | Execution progress | signal=450/650, trades=301, balance=13810.13
2026-06-14 13:42:01 | INFO | src.backtest.backtest_engine | Execution progress | signal=475/650, trades=319, balance=14072.82
2026-06-14 13:42:08 | INFO | src.backtest.backtest_engine | Execution progress | signal=500/650, trades=335, balance=14441.96
2026-06-14 13:42:16 | INFO | src.backtest.backtest_engine | Execution progress | signal=525/650, trades=347, balance=14759.50
2026-06-14 13:42:21 | INFO | src.backtest.backtest_engine | Execution progress | signal=550/650, trades=365, balance=14868.45
2026-06-14 13:42:25 | INFO | src.backtest.backtest_engine | Execution progress | signal=575/650, trades=380, balance=15390.95
2026-06-14 13:42:28 | INFO | src.backtest.backtest_engine | Execution progress | signal=600/650, trades=396, balance=15872.90
2026-06-14 13:42:30 | INFO | src.backtest.backtest_engine | Execution progress | signal=625/650, trades=410, balance=16155.36
2026-06-14 13:42:33 | INFO | src.backtest.backtest_engine | Execution progress | signal=650/650, trades=426, balance=16521.84
2026-06-14 13:42:33 | INFO | src.backtest.backtest_engine | START write backtest reports | output=/Users/my/mayu_solutions/usdjpy_research/fx-backtester/reports/broker_guardrails/20260614_121538_usdjpy_fx_swing_trend_reclaim_v1/variants/funding_guard_only
2026-06-14 13:42:34 | INFO | src.backtest.backtest_engine | DONE write backtest reports | elapsed=0.7s
2026-06-14 13:42:34 | INFO | src.backtest.backtest_engine | Backtest complete | trades=426, ending_balance=16521.84, reports=/Users/my/mayu_solutions/usdjpy_research/fx-backtester/reports/broker_guardrails/20260614_121538_usdjpy_fx_swing_trend_reclaim_v1/variants/funding_guard_only
2026-06-14 13:42:34 | INFO | src.broker_guardrails.guardrail_runner | Broker guardrail variant 12/12 | name=recommended_research_guardrail
2026-06-14 13:42:34 | INFO | src.backtest.backtest_engine | START load candles and calculate indicators
2026-06-14 13:42:34 | INFO | src.backtest.backtest_engine | DONE load candles and calculate indicators | elapsed=0.0s
2026-06-14 13:42:34 | INFO | src.backtest.backtest_engine | START generate strategy signals
2026-06-14 13:42:35 | INFO | src.backtest.backtest_engine | DONE generate strategy signals | elapsed=0.5s
2026-06-14 13:42:35 | INFO | src.backtest.backtest_engine | Signals generated | accepted=650, rejected=15,493
2026-06-14 13:42:35 | INFO | src.backtest.backtest_engine | Execution progress | signal=1/650, trades=0, balance=10000.00
2026-06-14 13:42:38 | INFO | src.backtest.backtest_engine | Execution progress | signal=25/650, trades=14, balance=10252.03
2026-06-14 13:42:43 | INFO | src.backtest.backtest_engine | Execution progress | signal=50/650, trades=31, balance=10710.41
2026-06-14 13:42:46 | INFO | src.backtest.backtest_engine | Execution progress | signal=75/650, trades=47, balance=11054.88
2026-06-14 13:42:53 | INFO | src.backtest.backtest_engine | Execution progress | signal=100/650, trades=67, balance=11255.83
2026-06-14 13:43:00 | INFO | src.backtest.backtest_engine | Execution progress | signal=125/650, trades=84, balance=11289.68
2026-06-14 13:43:07 | INFO | src.backtest.backtest_engine | Execution progress | signal=150/650, trades=103, balance=11226.81
2026-06-14 13:43:17 | INFO | src.backtest.backtest_engine | Execution progress | signal=175/650, trades=121, balance=11350.48
2026-06-14 13:43:21 | INFO | src.backtest.backtest_engine | Execution progress | signal=200/650, trades=138, balance=11333.31
2026-06-14 13:43:27 | INFO | src.backtest.backtest_engine | Execution progress | signal=225/650, trades=151, balance=11652.86
2026-06-14 13:43:32 | INFO | src.backtest.backtest_engine | Execution progress | signal=250/650, trades=167, balance=11966.23
2026-06-14 13:43:38 | INFO | src.backtest.backtest_engine | Execution progress | signal=275/650, trades=181, balance=12049.46
2026-06-14 13:43:43 | INFO | src.backtest.backtest_engine | Execution progress | signal=300/650, trades=197, balance=12350.09
2026-06-14 13:43:50 | INFO | src.backtest.backtest_engine | Execution progress | signal=325/650, trades=210, balance=12378.58
2026-06-14 13:43:56 | INFO | src.backtest.backtest_engine | Execution progress | signal=350/650, trades=226, balance=12540.45
2026-06-14 13:44:00 | INFO | src.backtest.backtest_engine | Execution progress | signal=375/650, trades=241, balance=12637.50
2026-06-14 13:44:06 | INFO | src.backtest.backtest_engine | Execution progress | signal=400/650, trades=254, balance=12773.53
2026-06-14 13:44:11 | INFO | src.backtest.backtest_engine | Execution progress | signal=425/650, trades=267, balance=12860.46
2026-06-14 13:44:17 | INFO | src.backtest.backtest_engine | Execution progress | signal=450/650, trades=286, balance=13192.62
2026-06-14 13:44:25 | INFO | src.backtest.backtest_engine | Execution progress | signal=475/650, trades=302, balance=13380.13
2026-06-14 13:44:32 | INFO | src.backtest.backtest_engine | Execution progress | signal=500/650, trades=318, balance=13731.10
2026-06-14 13:44:39 | INFO | src.backtest.backtest_engine | Execution progress | signal=525/650, trades=330, balance=14033.01
2026-06-14 13:44:44 | INFO | src.backtest.backtest_engine | Execution progress | signal=550/650, trades=346, balance=14142.10
2026-06-14 13:44:48 | INFO | src.backtest.backtest_engine | Execution progress | signal=575/650, trades=361, balance=14639.07
2026-06-14 13:44:51 | INFO | src.backtest.backtest_engine | Execution progress | signal=600/650, trades=376, balance=15138.23
2026-06-14 13:44:54 | INFO | src.backtest.backtest_engine | Execution progress | signal=625/650, trades=389, balance=15292.35
2026-06-14 13:44:57 | INFO | src.backtest.backtest_engine | Execution progress | signal=650/650, trades=405, balance=15639.25
2026-06-14 13:44:57 | INFO | src.backtest.backtest_engine | START write backtest reports | output=/Users/my/mayu_solutions/usdjpy_research/fx-backtester/reports/broker_guardrails/20260614_121538_usdjpy_fx_swing_trend_reclaim_v1/variants/recommended_research_guardrail
2026-06-14 13:44:58 | INFO | src.backtest.backtest_engine | DONE write backtest reports | elapsed=0.7s
2026-06-14 13:44:58 | INFO | src.backtest.backtest_engine | Backtest complete | trades=405, ending_balance=15639.25, reports=/Users/my/mayu_solutions/usdjpy_research/fx-backtester/reports/broker_guardrails/20260614_121538_usdjpy_fx_swing_trend_reclaim_v1/variants/recommended_research_guardrail
2026-06-14 13:44:58 | INFO | __main__ | Pipeline command completed | command=broker-guardrails
Broker guardrail report: /Users/my/mayu_solutions/usdjpy_research/fx-backtester/reports/broker_guardrails/20260614_121538_usdjpy_fx_swing_trend_reclaim_v1/broker_guardrail_report.html
