2026-06-14 14:03:30 | INFO | __main__ | Pipeline command started | command=final-guardrail-bakeoff
2026-06-14 14:03:30 | INFO | src.stability.stability_runner | Start stability validation | run=/Users/my/mayu_solutions/usdjpy_research/fx-backtester/reports/broker_guardrails/20260614_121538_usdjpy_fx_swing_trend_reclaim_v1/variants/ig_min_stop_only, policy=force_close_friday_20_30
2026-06-14 14:03:30 | INFO | src.stability.stability_runner | Load trades | path=/Users/my/mayu_solutions/usdjpy_research/fx-backtester/reports/broker_guardrails/20260614_121538_usdjpy_fx_swing_trend_reclaim_v1/variants/ig_min_stop_only/trade_log.csv
2026-06-14 14:03:30 | INFO | src.stability.stability_runner | Load equity curve | path=/Users/my/mayu_solutions/usdjpy_research/fx-backtester/reports/broker_guardrails/20260614_121538_usdjpy_fx_swing_trend_reclaim_v1/variants/ig_min_stop_only/equity_curve.csv
2026-06-14 14:03:30 | INFO | src.stability.stability_runner | Load daily candles | path=/Users/my/mayu_solutions/usdjpy_research/fx-backtester/data/candles/USDJPY_2022_2025/USDJPY_1D.parquet
2026-06-14 14:03:30 | INFO | src.stability.stability_runner | START period analysis
2026-06-14 14:03:30 | INFO | src.stability.stability_runner | DONE period analysis | elapsed=0.0s
2026-06-14 14:03:30 | INFO | src.stability.stability_runner | Period analysis complete
2026-06-14 14:03:30 | INFO | src.stability.stability_runner | START regime classification
2026-06-14 14:03:30 | INFO | src.stability.stability_runner | DONE regime classification | elapsed=0.0s
2026-06-14 14:03:30 | INFO | src.stability.stability_runner | Regime classification complete
2026-06-14 14:03:30 | INFO | src.stability.stability_runner | START concentration analysis
2026-06-14 14:03:30 | INFO | src.stability.stability_runner | DONE concentration analysis | elapsed=0.0s
2026-06-14 14:03:30 | INFO | src.stability.stability_runner | Concentration analysis complete
2026-06-14 14:03:30 | INFO | src.stability.stability_runner | START rolling analysis
2026-06-14 14:03:30 | INFO | src.stability.stability_runner | DONE rolling analysis | elapsed=0.2s
2026-06-14 14:03:30 | INFO | src.stability.stability_runner | Rolling analysis complete
2026-06-14 14:03:30 | INFO | src.stability.stability_runner | Stability report written | path=/Users/my/mayu_solutions/usdjpy_research/fx-backtester/reports/final_guardrail_bakeoff/20260614_130330_usdjpy_fx_swing_trend_reclaim_v1/candidates/ig_min_stop_only/stability/20260614_130330_usdjpy_fx_swing_trend_reclaim_v1_force_close_friday_20_30/stability_report.html
2026-06-14 14:03:30 | INFO | src.walk_forward.walk_forward_runner | Start walk-forward validation | run=/Users/my/mayu_solutions/usdjpy_research/fx-backtester/reports/broker_guardrails/20260614_121538_usdjpy_fx_swing_trend_reclaim_v1/variants/ig_min_stop_only
2026-06-14 14:03:31 | INFO | src.walk_forward.walk_forward_runner | Equity curve available | path=/Users/my/mayu_solutions/usdjpy_research/fx-backtester/reports/broker_guardrails/20260614_121538_usdjpy_fx_swing_trend_reclaim_v1/variants/ig_min_stop_only/equity_curve.csv; strict entry-window drawdown uses selected trades
2026-06-14 14:03:31 | INFO | src.walk_forward.walk_forward_runner | START anchored walk-forward analysis
2026-06-14 14:03:31 | INFO | src.walk_forward.walk_forward_runner | DONE anchored walk-forward analysis | elapsed=0.0s
2026-06-14 14:03:31 | INFO | src.walk_forward.walk_forward_runner | START rolling walk-forward analysis
2026-06-14 14:03:31 | INFO | src.walk_forward.walk_forward_runner | DONE rolling walk-forward analysis | elapsed=0.2s
2026-06-14 14:03:31 | INFO | src.walk_forward.walk_forward_runner | Walk-forward report written | path=/Users/my/mayu_solutions/usdjpy_research/fx-backtester/reports/final_guardrail_bakeoff/20260614_130330_usdjpy_fx_swing_trend_reclaim_v1/candidates/ig_min_stop_only/walk_forward/20260614_130330_usdjpy_fx_swing_trend_reclaim_v1_force_close_friday_20_30/walk_forward_report.html
2026-06-14 14:03:31 | INFO | src.stress.monte_carlo_runner | Start stress scenario | name=trade_shuffle | iterations=500
2026-06-14 14:03:33 | INFO | src.stress.monte_carlo_runner | Start stress scenario | name=bootstrap_resample | iterations=500
2026-06-14 14:03:34 | INFO | src.stress.monte_carlo_runner | Start stress scenario | name=block_bootstrap_5 | iterations=500
2026-06-14 14:03:36 | INFO | src.stress.monte_carlo_runner | Start stress scenario | name=block_bootstrap_10 | iterations=500
2026-06-14 14:03:38 | INFO | src.stress.monte_carlo_runner | Start stress scenario | name=block_bootstrap_20 | iterations=500
2026-06-14 14:04:05 | INFO | src.stress.monte_carlo_runner | Monte Carlo stress report written | path=/Users/my/mayu_solutions/usdjpy_research/fx-backtester/reports/final_guardrail_bakeoff/20260614_130330_usdjpy_fx_swing_trend_reclaim_v1/candidates/ig_min_stop_only/stress/20260614_130331_usdjpy_fx_swing_trend_reclaim_v1_force_close_friday_20_30/stress_report.html
2026-06-14 14:04:05 | INFO | src.stability.stability_runner | Start stability validation | run=/Users/my/mayu_solutions/usdjpy_research/fx-backtester/reports/broker_guardrails/20260614_121538_usdjpy_fx_swing_trend_reclaim_v1/variants/min_risk_3pips, policy=force_close_friday_20_30
2026-06-14 14:04:05 | INFO | src.stability.stability_runner | Load trades | path=/Users/my/mayu_solutions/usdjpy_research/fx-backtester/reports/broker_guardrails/20260614_121538_usdjpy_fx_swing_trend_reclaim_v1/variants/min_risk_3pips/trade_log.csv
2026-06-14 14:04:05 | INFO | src.stability.stability_runner | Load equity curve | path=/Users/my/mayu_solutions/usdjpy_research/fx-backtester/reports/broker_guardrails/20260614_121538_usdjpy_fx_swing_trend_reclaim_v1/variants/min_risk_3pips/equity_curve.csv
2026-06-14 14:04:05 | INFO | src.stability.stability_runner | Load daily candles | path=/Users/my/mayu_solutions/usdjpy_research/fx-backtester/data/candles/USDJPY_2022_2025/USDJPY_1D.parquet
2026-06-14 14:04:05 | INFO | src.stability.stability_runner | START period analysis
2026-06-14 14:04:05 | INFO | src.stability.stability_runner | DONE period analysis | elapsed=0.0s
2026-06-14 14:04:05 | INFO | src.stability.stability_runner | Period analysis complete
2026-06-14 14:04:05 | INFO | src.stability.stability_runner | START regime classification
2026-06-14 14:04:05 | INFO | src.stability.stability_runner | DONE regime classification | elapsed=0.0s
2026-06-14 14:04:05 | INFO | src.stability.stability_runner | Regime classification complete
2026-06-14 14:04:05 | INFO | src.stability.stability_runner | START concentration analysis
2026-06-14 14:04:05 | INFO | src.stability.stability_runner | DONE concentration analysis | elapsed=0.0s
2026-06-14 14:04:05 | INFO | src.stability.stability_runner | Concentration analysis complete
2026-06-14 14:04:05 | INFO | src.stability.stability_runner | START rolling analysis
2026-06-14 14:04:05 | INFO | src.stability.stability_runner | DONE rolling analysis | elapsed=0.2s
2026-06-14 14:04:05 | INFO | src.stability.stability_runner | Rolling analysis complete
2026-06-14 14:04:05 | INFO | src.stability.stability_runner | Stability report written | path=/Users/my/mayu_solutions/usdjpy_research/fx-backtester/reports/final_guardrail_bakeoff/20260614_130330_usdjpy_fx_swing_trend_reclaim_v1/candidates/min_risk_3pips/stability/20260614_130405_usdjpy_fx_swing_trend_reclaim_v1_force_close_friday_20_30/stability_report.html
2026-06-14 14:04:05 | INFO | src.walk_forward.walk_forward_runner | Start walk-forward validation | run=/Users/my/mayu_solutions/usdjpy_research/fx-backtester/reports/broker_guardrails/20260614_121538_usdjpy_fx_swing_trend_reclaim_v1/variants/min_risk_3pips
2026-06-14 14:04:05 | INFO | src.walk_forward.walk_forward_runner | Equity curve available | path=/Users/my/mayu_solutions/usdjpy_research/fx-backtester/reports/broker_guardrails/20260614_121538_usdjpy_fx_swing_trend_reclaim_v1/variants/min_risk_3pips/equity_curve.csv; strict entry-window drawdown uses selected trades
2026-06-14 14:04:05 | INFO | src.walk_forward.walk_forward_runner | START anchored walk-forward analysis
2026-06-14 14:04:05 | INFO | src.walk_forward.walk_forward_runner | DONE anchored walk-forward analysis | elapsed=0.0s
2026-06-14 14:04:05 | INFO | src.walk_forward.walk_forward_runner | START rolling walk-forward analysis
2026-06-14 14:04:06 | INFO | src.walk_forward.walk_forward_runner | DONE rolling walk-forward analysis | elapsed=0.1s
2026-06-14 14:04:06 | INFO | src.walk_forward.walk_forward_runner | Walk-forward report written | path=/Users/my/mayu_solutions/usdjpy_research/fx-backtester/reports/final_guardrail_bakeoff/20260614_130330_usdjpy_fx_swing_trend_reclaim_v1/candidates/min_risk_3pips/walk_forward/20260614_130405_usdjpy_fx_swing_trend_reclaim_v1_force_close_friday_20_30/walk_forward_report.html
2026-06-14 14:04:06 | INFO | src.stress.monte_carlo_runner | Start stress scenario | name=trade_shuffle | iterations=500
2026-06-14 14:04:07 | INFO | src.stress.monte_carlo_runner | Start stress scenario | name=bootstrap_resample | iterations=500
2026-06-14 14:04:09 | INFO | src.stress.monte_carlo_runner | Start stress scenario | name=block_bootstrap_5 | iterations=500
2026-06-14 14:04:11 | INFO | src.stress.monte_carlo_runner | Start stress scenario | name=block_bootstrap_10 | iterations=500
2026-06-14 14:04:12 | INFO | src.stress.monte_carlo_runner | Start stress scenario | name=block_bootstrap_20 | iterations=500
2026-06-14 14:04:39 | INFO | src.stress.monte_carlo_runner | Monte Carlo stress report written | path=/Users/my/mayu_solutions/usdjpy_research/fx-backtester/reports/final_guardrail_bakeoff/20260614_130330_usdjpy_fx_swing_trend_reclaim_v1/candidates/min_risk_3pips/stress/20260614_130406_usdjpy_fx_swing_trend_reclaim_v1_force_close_friday_20_30/stress_report.html
2026-06-14 14:04:39 | INFO | src.stability.stability_runner | Start stability validation | run=/Users/my/mayu_solutions/usdjpy_research/fx-backtester/reports/broker_guardrails/20260614_121538_usdjpy_fx_swing_trend_reclaim_v1/variants/recommended_research_guardrail, policy=force_close_friday_20_30
2026-06-14 14:04:39 | INFO | src.stability.stability_runner | Load trades | path=/Users/my/mayu_solutions/usdjpy_research/fx-backtester/reports/broker_guardrails/20260614_121538_usdjpy_fx_swing_trend_reclaim_v1/variants/recommended_research_guardrail/trade_log.csv
2026-06-14 14:04:39 | INFO | src.stability.stability_runner | Load equity curve | path=/Users/my/mayu_solutions/usdjpy_research/fx-backtester/reports/broker_guardrails/20260614_121538_usdjpy_fx_swing_trend_reclaim_v1/variants/recommended_research_guardrail/equity_curve.csv
2026-06-14 14:04:39 | INFO | src.stability.stability_runner | Load daily candles | path=/Users/my/mayu_solutions/usdjpy_research/fx-backtester/data/candles/USDJPY_2022_2025/USDJPY_1D.parquet
2026-06-14 14:04:39 | INFO | src.stability.stability_runner | START period analysis
2026-06-14 14:04:39 | INFO | src.stability.stability_runner | DONE period analysis | elapsed=0.0s
2026-06-14 14:04:39 | INFO | src.stability.stability_runner | Period analysis complete
2026-06-14 14:04:39 | INFO | src.stability.stability_runner | START regime classification
2026-06-14 14:04:39 | INFO | src.stability.stability_runner | DONE regime classification | elapsed=0.0s
2026-06-14 14:04:39 | INFO | src.stability.stability_runner | Regime classification complete
2026-06-14 14:04:39 | INFO | src.stability.stability_runner | START concentration analysis
2026-06-14 14:04:39 | INFO | src.stability.stability_runner | DONE concentration analysis | elapsed=0.0s
2026-06-14 14:04:39 | INFO | src.stability.stability_runner | Concentration analysis complete
2026-06-14 14:04:39 | INFO | src.stability.stability_runner | START rolling analysis
2026-06-14 14:04:40 | INFO | src.stability.stability_runner | DONE rolling analysis | elapsed=0.2s
2026-06-14 14:04:40 | INFO | src.stability.stability_runner | Rolling analysis complete
2026-06-14 14:04:40 | INFO | src.stability.stability_runner | Stability report written | path=/Users/my/mayu_solutions/usdjpy_research/fx-backtester/reports/final_guardrail_bakeoff/20260614_130330_usdjpy_fx_swing_trend_reclaim_v1/candidates/recommended_research_guardrail/stability/20260614_130439_usdjpy_fx_swing_trend_reclaim_v1_force_close_friday_20_30/stability_report.html
2026-06-14 14:04:40 | INFO | src.walk_forward.walk_forward_runner | Start walk-forward validation | run=/Users/my/mayu_solutions/usdjpy_research/fx-backtester/reports/broker_guardrails/20260614_121538_usdjpy_fx_swing_trend_reclaim_v1/variants/recommended_research_guardrail
2026-06-14 14:04:40 | INFO | src.walk_forward.walk_forward_runner | Equity curve available | path=/Users/my/mayu_solutions/usdjpy_research/fx-backtester/reports/broker_guardrails/20260614_121538_usdjpy_fx_swing_trend_reclaim_v1/variants/recommended_research_guardrail/equity_curve.csv; strict entry-window drawdown uses selected trades
2026-06-14 14:04:40 | INFO | src.walk_forward.walk_forward_runner | START anchored walk-forward analysis
2026-06-14 14:04:40 | INFO | src.walk_forward.walk_forward_runner | DONE anchored walk-forward analysis | elapsed=0.0s
2026-06-14 14:04:40 | INFO | src.walk_forward.walk_forward_runner | START rolling walk-forward analysis
2026-06-14 14:04:40 | INFO | src.walk_forward.walk_forward_runner | DONE rolling walk-forward analysis | elapsed=0.1s
2026-06-14 14:04:40 | INFO | src.walk_forward.walk_forward_runner | Walk-forward report written | path=/Users/my/mayu_solutions/usdjpy_research/fx-backtester/reports/final_guardrail_bakeoff/20260614_130330_usdjpy_fx_swing_trend_reclaim_v1/candidates/recommended_research_guardrail/walk_forward/20260614_130440_usdjpy_fx_swing_trend_reclaim_v1_force_close_friday_20_30/walk_forward_report.html
2026-06-14 14:04:40 | INFO | src.stress.monte_carlo_runner | Start stress scenario | name=trade_shuffle | iterations=500
2026-06-14 14:04:41 | INFO | src.stress.monte_carlo_runner | Start stress scenario | name=bootstrap_resample | iterations=500
2026-06-14 14:04:43 | INFO | src.stress.monte_carlo_runner | Start stress scenario | name=block_bootstrap_5 | iterations=500
2026-06-14 14:04:45 | INFO | src.stress.monte_carlo_runner | Start stress scenario | name=block_bootstrap_10 | iterations=500
2026-06-14 14:04:47 | INFO | src.stress.monte_carlo_runner | Start stress scenario | name=block_bootstrap_20 | iterations=500
2026-06-14 14:05:13 | INFO | src.stress.monte_carlo_runner | Monte Carlo stress report written | path=/Users/my/mayu_solutions/usdjpy_research/fx-backtester/reports/final_guardrail_bakeoff/20260614_130330_usdjpy_fx_swing_trend_reclaim_v1/candidates/recommended_research_guardrail/stress/20260614_130440_usdjpy_fx_swing_trend_reclaim_v1_force_close_friday_20_30/stress_report.html
2026-06-14 14:05:13 | INFO | __main__ | Pipeline command completed | command=final-guardrail-bakeoff
Final guardrail bake-off report: /Users/my/mayu_solutions/usdjpy_research/fx-backtester/reports/final_guardrail_bakeoff/20260614_130330_usdjpy_fx_swing_trend_reclaim_v1/final_guardrail_bakeoff_report.html
